c:\users\laura\desktop\fps_empty\visual_studio\x64\debug\vc141.pdb
c:\users\laura\desktop\fps_empty\visual_studio\x64\debug\vc141.idb
c:\users\laura\desktop\fps_empty\visual_studio\x64\debug\shader.obj
c:\users\laura\desktop\fps_empty\visual_studio\x64\debug\scriptsystem.obj
c:\users\laura\desktop\fps_empty\visual_studio\x64\debug\parsers.obj
c:\users\laura\desktop\fps_empty\visual_studio\x64\debug\main.obj
c:\users\laura\desktop\fps_empty\visual_studio\x64\debug\linmath.obj
c:\users\laura\desktop\fps_empty\visual_studio\x64\debug\controlsystem.obj
c:\users\laura\desktop\fps_empty\visual_studio\x64\debug\graphicssystem.obj
c:\users\laura\desktop\fps_empty\visual_studio\x64\debug\game.obj
c:\users\laura\desktop\fps_empty\visual_studio\x64\debug\debugsystem.obj
c:\users\laura\desktop\fps_empty\visual_studio\x64\debug\collisionsystem.obj
c:\users\laura\desktop\mvd engine programing\06_fps_levels\fps_empty\visual_studio\x64\debug\vc141.pdb
c:\users\laura\desktop\mvd engine programing\06_fps_levels\fps_empty\visual_studio\x64\debug\vc141.idb
c:\users\laura\desktop\mvd engine programing\06_fps_levels\fps_empty\visual_studio\x64\debug\shader.obj
c:\users\laura\desktop\mvd engine programing\06_fps_levels\fps_empty\visual_studio\x64\debug\scriptsystem.obj
c:\users\laura\desktop\mvd engine programing\06_fps_levels\fps_empty\visual_studio\x64\debug\parsers.obj
c:\users\laura\desktop\mvd engine programing\06_fps_levels\fps_empty\visual_studio\x64\debug\main.obj
c:\users\laura\desktop\mvd engine programing\06_fps_levels\fps_empty\visual_studio\x64\debug\linmath.obj
c:\users\laura\desktop\mvd engine programing\06_fps_levels\fps_empty\visual_studio\x64\debug\controlsystem.obj
c:\users\laura\desktop\mvd engine programing\06_fps_levels\fps_empty\visual_studio\x64\debug\graphicssystem.obj
c:\users\laura\desktop\mvd engine programing\06_fps_levels\fps_empty\visual_studio\x64\debug\game.obj
c:\users\laura\desktop\mvd engine programing\06_fps_levels\fps_empty\visual_studio\x64\debug\debugsystem.obj
c:\users\laura\desktop\mvd engine programing\06_fps_levels\fps_empty\visual_studio\x64\debug\collisionsystem.obj
c:\users\laura\desktop\mvd engine programing\mvd_starvecat\fps_empty\visual_studio\x64\debug\vc141.pdb
c:\users\laura\desktop\mvd engine programing\mvd_starvecat\fps_empty\visual_studio\x64\debug\vc141.idb
c:\users\laura\desktop\mvd engine programing\mvd_starvecat\fps_empty\visual_studio\x64\debug\shader.obj
c:\users\laura\desktop\mvd engine programing\mvd_starvecat\fps_empty\visual_studio\x64\debug\scriptsystem.obj
c:\users\laura\desktop\mvd engine programing\mvd_starvecat\fps_empty\visual_studio\x64\debug\parsers.obj
c:\users\laura\desktop\mvd engine programing\mvd_starvecat\fps_empty\visual_studio\x64\debug\linmath.obj
c:\users\laura\desktop\mvd engine programing\mvd_starvecat\fps_empty\visual_studio\x64\debug\controlsystem.obj
c:\users\laura\desktop\mvd engine programing\mvd_starvecat\fps_empty\visual_studio\x64\debug\graphicssystem.obj
c:\users\laura\desktop\mvd engine programing\mvd_starvecat\fps_empty\visual_studio\x64\debug\debugsystem.obj
c:\users\laura\desktop\mvd engine programing\mvd_starvecat\fps_empty\visual_studio\x64\debug\collisionsystem.obj
c:\users\laura\desktop\mvd engine programing\mvd_starvecat\fps_empty\visual_studio\x64\debug\main.obj
c:\users\laura\desktop\mvd engine programing\mvd_starvecat\fps_empty\visual_studio\x64\debug\game.obj
c:\users\laura\desktop\fps_empty\fps_empty.ilk
c:\users\laura\desktop\fps_empty\fps_empty.exe
c:\users\laura\desktop\fps_empty\fps_empty.pdb
c:\users\laura\desktop\mvd engine programing\06_fps_levels\fps_empty\fps_empty.exe
c:\users\laura\desktop\mvd engine programing\06_fps_levels\fps_empty\fps_empty.ilk
c:\users\laura\desktop\mvd engine programing\06_fps_levels\fps_empty\fps_empty.pdb
c:\users\laura\desktop\mvd engine programing\mvd_starvecat\fps_empty\visual_studio\x64\debug\catmovementscript.obj
c:\users\laura\desktop\mvd engine programing\mvd_starvecat\fps_empty\visual_studio\x64\debug\foodscript.obj
c:\users\laura\desktop\mvd engine programing\mvd_starvecat\fps_empty\visual_studio\x64\debug\guisystem.obj
c:\users\laura\desktop\mvd engine programing\mvd_starvecat\fps_empty\visual_studio\x64\debug\imgui.obj
c:\users\laura\desktop\mvd engine programing\mvd_starvecat\fps_empty\visual_studio\x64\debug\imgui_demo.obj
c:\users\laura\desktop\mvd engine programing\mvd_starvecat\fps_empty\visual_studio\x64\debug\imgui_draw.obj
c:\users\laura\desktop\mvd engine programing\mvd_starvecat\fps_empty\visual_studio\x64\debug\imgui_impl_glfw.obj
c:\users\laura\desktop\mvd engine programing\mvd_starvecat\fps_empty\visual_studio\x64\debug\imgui_impl_opengl3.obj
c:\users\laura\desktop\mvd engine programing\mvd_starvecat\fps_empty\visual_studio\x64\debug\imgui_widgets.obj
c:\users\laura\desktop\mvd engine programing\mvd_starvecat\fps_empty\visual_studio\x64\debug\moveplatformscript.obj
c:\users\laura\desktop\mvd engine programing\mvd_starvecat\fps_empty\visual_studio\x64\debug\controlsystem.obj.enc
c:\users\laura\desktop\mvd engine programing\mvd_starvecat\fps_empty\visual_studio\x64\debug\fps_empty.tlog\cl.command.1.tlog
c:\users\laura\desktop\mvd engine programing\mvd_starvecat\fps_empty\visual_studio\x64\debug\fps_empty.tlog\cl.read.1.tlog
c:\users\laura\desktop\mvd engine programing\mvd_starvecat\fps_empty\visual_studio\x64\debug\fps_empty.tlog\cl.write.1.tlog
c:\users\laura\desktop\mvd engine programing\mvd_starvecat\fps_empty\visual_studio\x64\debug\fps_empty.tlog\link-cvtres.read.1.tlog
c:\users\laura\desktop\mvd engine programing\mvd_starvecat\fps_empty\visual_studio\x64\debug\fps_empty.tlog\link-cvtres.write.1.tlog
c:\users\laura\desktop\mvd engine programing\mvd_starvecat\fps_empty\visual_studio\x64\debug\fps_empty.tlog\link-rc.read.1.tlog
c:\users\laura\desktop\mvd engine programing\mvd_starvecat\fps_empty\visual_studio\x64\debug\fps_empty.tlog\link-rc.write.1.tlog
c:\users\laura\desktop\mvd engine programing\mvd_starvecat\fps_empty\visual_studio\x64\debug\fps_empty.tlog\link.command.1.tlog
c:\users\laura\desktop\mvd engine programing\mvd_starvecat\fps_empty\visual_studio\x64\debug\fps_empty.tlog\link.read.1.tlog
c:\users\laura\desktop\mvd engine programing\mvd_starvecat\fps_empty\visual_studio\x64\debug\fps_empty.tlog\link.write.1.tlog
